[debug] [2024-07-14T21:01:19.293Z] ----------------------------------------------------------------------
[debug] [2024-07-14T21:01:19.297Z] Command:       /opt/homebrew/Cellar/node/22.3.0/bin/node /usr/local/bin/firebase serve
[debug] [2024-07-14T21:01:19.298Z] CLI Version:   12.7.0
[debug] [2024-07-14T21:01:19.299Z] Platform:      darwin
[debug] [2024-07-14T21:01:19.299Z] Node Version:  v22.3.0
[debug] [2024-07-14T21:01:19.299Z] Time:          Sun Jul 14 2024 17:01:19 GMT-0400 (Eastern Daylight Time)
[debug] [2024-07-14T21:01:19.300Z] ----------------------------------------------------------------------
[debug] 
[debug] [2024-07-14T21:01:19.304Z] >>> [apiv2][query] GET https://firebase-public.firebaseio.com/cli.json [none]
[debug] [2024-07-14T21:01:19.532Z] > command requires scopes: ["email","openid","https://www.googleapis.com/auth/cloudplatformprojects.readonly","https://www.googleapis.com/auth/firebase","https://www.googleapis.com/auth/cloud-platform"]
[debug] [2024-07-14T21:01:19.533Z] > authorizing via signed-in user (pridefulpanda123@gmail.com)
[debug] [2024-07-14T21:01:19.534Z] [iam] checking project oraichain-mainnet for permissions ["firebase.projects.get"]
[debug] [2024-07-14T21:01:19.537Z] > refreshing access token with scopes: []
[debug] [2024-07-14T21:01:19.542Z] >>> [apiv2][query] POST https://www.googleapis.com/oauth2/v3/token [none]
[debug] [2024-07-14T21:01:19.542Z] >>> [apiv2][body] POST https://www.googleapis.com/oauth2/v3/token [omitted]
[debug] [2024-07-14T21:01:19.834Z] <<< [apiv2][status] GET https://firebase-public.firebaseio.com/cli.json 200
[debug] [2024-07-14T21:01:19.835Z] <<< [apiv2][body] GET https://firebase-public.firebaseio.com/cli.json {"cloudBuildErrorAfter":1594252800000,"cloudBuildWarnAfter":1590019200000,"defaultNode10After":1594252800000,"minVersion":"3.0.5","node8DeploysDisabledAfter":1613390400000,"node8RuntimeDisabledAfter":1615809600000,"node8WarnAfter":1600128000000}
[debug] [2024-07-14T21:01:19.856Z] <<< [apiv2][status] POST https://www.googleapis.com/oauth2/v3/token 400
[debug] [2024-07-14T21:01:19.856Z] <<< [apiv2][body] POST https://www.googleapis.com/oauth2/v3/token [omitted]
[debug] [2024-07-14T21:01:19.856Z] >>> [apiv2][query] POST https://cloudresourcemanager.googleapis.com/v1/projects/oraichain-mainnet:testIamPermissions [none]
[debug] [2024-07-14T21:01:19.856Z] >>> [apiv2][(partial)header] POST https://cloudresourcemanager.googleapis.com/v1/projects/oraichain-mainnet:testIamPermissions x-goog-quota-user=projects/oraichain-mainnet
[debug] [2024-07-14T21:01:19.856Z] >>> [apiv2][body] POST https://cloudresourcemanager.googleapis.com/v1/projects/oraichain-mainnet:testIamPermissions {"permissions":["firebase.projects.get"]}
[debug] [2024-07-14T21:01:20.199Z] <<< [apiv2][status] POST https://cloudresourcemanager.googleapis.com/v1/projects/oraichain-mainnet:testIamPermissions 401
[debug] [2024-07-14T21:01:20.200Z] <<< [apiv2][body] POST https://cloudresourcemanager.googleapis.com/v1/projects/oraichain-mainnet:testIamPermissions {"error":{"code":401,"message":"Request had invalid authentication credentials. Expected OAuth 2 access token, login cookie or other valid authentication credential. See https://developers.google.com/identity/sign-in/web/devconsole-project.","status":"UNAUTHENTICATED","details":[{"@type":"type.googleapis.com/google.rpc.ErrorInfo","reason":"ACCESS_TOKEN_TYPE_UNSUPPORTED","metadata":{"service":"cloudresourcemanager.googleapis.com","method":"google.cloudresourcemanager.v1.Projects.TestIamPermissions"}}]}}
[debug] [2024-07-14T21:01:20.201Z] [iam] error while checking permissions, command may fail: FirebaseError: HTTP Error: 401, Request had invalid authentication credentials. Expected OAuth 2 access token, login cookie or other valid authentication credential. See https://developers.google.com/identity/sign-in/web/devconsole-project.
[debug] [2024-07-14T21:01:20.201Z] > refreshing access token with scopes: []
[debug] [2024-07-14T21:01:20.202Z] >>> [apiv2][query] POST https://www.googleapis.com/oauth2/v3/token [none]
[debug] [2024-07-14T21:01:20.202Z] >>> [apiv2][body] POST https://www.googleapis.com/oauth2/v3/token [omitted]
[debug] [2024-07-14T21:01:20.280Z] <<< [apiv2][status] POST https://www.googleapis.com/oauth2/v3/token 400
[debug] [2024-07-14T21:01:20.281Z] <<< [apiv2][body] POST https://www.googleapis.com/oauth2/v3/token [omitted]
[debug] [2024-07-14T21:01:20.281Z] >>> [apiv2][query] GET https://firebase.googleapis.com/v1beta1/projects/oraichain-mainnet [none]
[debug] [2024-07-14T21:01:20.602Z] <<< [apiv2][status] GET https://firebase.googleapis.com/v1beta1/projects/oraichain-mainnet 401
[debug] [2024-07-14T21:01:20.602Z] <<< [apiv2][body] GET https://firebase.googleapis.com/v1beta1/projects/oraichain-mainnet {"error":{"code":401,"message":"Request had invalid authentication credentials. Expected OAuth 2 access token, login cookie or other valid authentication credential. See https://developers.google.com/identity/sign-in/web/devconsole-project.","status":"UNAUTHENTICATED"}}
[debug] [2024-07-14T21:01:20.602Z] HTTP Error: 401, Request had invalid authentication credentials. Expected OAuth 2 access token, login cookie or other valid authentication credential. See https://developers.google.com/identity/sign-in/web/devconsole-project.
[debug] [2024-07-14T21:01:20.603Z] FirebaseError: HTTP Error: 401, Request had invalid authentication credentials. Expected OAuth 2 access token, login cookie or other valid authentication credential. See https://developers.google.com/identity/sign-in/web/devconsole-project.
    at responseToError (/usr/local/lib/node_modules/firebase-tools/lib/responseToError.js:49:12)
    at RetryOperation._fn (/usr/local/lib/node_modules/firebase-tools/lib/apiv2.js:285:77)
    at process.processTicksAndRejections (node:internal/process/task_queues:95:5)
[error] 
[error] Error: Failed to get Firebase project oraichain-mainnet. Please make sure the project exists and your account has permission to access it.
